
                    ************************************************
                    *                Model: CRAFLUSH               *
                    *           Parallel Crack Model D > 0         *
                    *            (C) E.A. Sudicky, 1988            *
                    *   Waterloo Centre for Groundwater Research   *
                    *            University of Waterloo            *
                    *       Waterloo, Ontario, CANADA N2L 3G1      *
                    ************************************************


  Source concentration at infinite time=     1.0000
  Initial concentration in matrix and fractures=     0.0000
  Velocity in fracture=  8.68056E-06
  Fracture dispersivity=      0.760
  Fracture aperture=  1.2000E-04
  Fracture spacing=      0.100
  Matrix porosity=      0.350
  Matrix tortuosity=      1.000
  Diff. coeff. in water=  1.0000E-10
  Fracture retardation factor=      1.000
  Matrix retardation factor=      1.000
  Non-decaying solute


  Numerical inversion parameters used in CRUMP

  ALPHR=  0.000
  RELERR=  1.0000E-06
  N=  15


  Variable source concentration

     Time       Concentration
  0.000            1.00000


    Time      Distance: along Fracture,  in Matrix     C(t)     Steady C
    ----      --------- --------------   ---------     ----     --------
  100.0                          0.010       0.000  0.71311      1.00000
  100.0                          0.040       0.000  0.18375      1.00000
  100.0                          0.080       0.000  0.01245      1.00000
  100.0                          0.120       0.000  0.00028      1.00000
  100.0                          0.160       0.000  0.00000      1.00000
  100.0                          0.200       0.000  0.00000      1.00000
  100.0                          0.240       0.000  0.00000      1.00000
  100.0                          0.280       0.000  0.00000      1.00000
  100.0                          0.320       0.000  0.00000      1.00000
  100.0                          0.360       0.000  0.00000      1.00000
  100.0                          0.400       0.000  0.00000      1.00000
  100.0                          0.440       0.000  0.00000      1.00000
  100.0                          0.480       0.000  0.00000      1.00000
  100.0                          0.520       0.000  0.00000      1.00000
  100.0                          0.560       0.000  0.00000      1.00000
  100.0                          0.600       0.000  0.00000      1.00000
  100.0                          0.640       0.000  0.00000      1.00000
  100.0                          0.680       0.000  0.00000      1.00000
  100.0                          0.720       0.000  0.00000      1.00000
  100.0                          0.760       0.000  0.00000      1.00000
  100.0                          0.800       0.000  0.00000      1.00000
 2.1600E+04                      0.010       0.000  0.94302      1.00000
 2.1600E+04                      0.040       0.000  0.78724      1.00000
 2.1600E+04                      0.080       0.000  0.61243      1.00000
 2.1600E+04                      0.120       0.000  0.47101      1.00000
 2.1600E+04                      0.160       0.000  0.35823      1.00000
 2.1600E+04                      0.200       0.000  0.26953      1.00000
 2.1600E+04                      0.240       0.000  0.20067      1.00000
 2.1600E+04                      0.280       0.000  0.14789      1.00000
 2.1600E+04                      0.320       0.000  0.10790      1.00000
 2.1600E+04                      0.360       0.000  0.07796      1.00000
 2.1600E+04                      0.400       0.000  0.05579      1.00000
 2.1600E+04                      0.440       0.000  0.03955      1.00000
 2.1600E+04                      0.480       0.000  0.02778      1.00000
 2.1600E+04                      0.520       0.000  0.01934      1.00000
 2.1600E+04                      0.560       0.000  0.01334      1.00000
 2.1600E+04                      0.600       0.000  0.00912      1.00000
 2.1600E+04                      0.640       0.000  0.00619      1.00000
 2.1600E+04                      0.680       0.000  0.00416      1.00000
 2.1600E+04                      0.720       0.000  0.00277      1.00000
 2.1600E+04                      0.760       0.000  0.00183      1.00000
 2.1600E+04                      0.800       0.000  0.00120      1.00000
 4.3200E+04                      0.010       0.000  0.95313      1.00000
 4.3200E+04                      0.040       0.000  0.82281      1.00000
 4.3200E+04                      0.080       0.000  0.67171      1.00000
 4.3200E+04                      0.120       0.000  0.54420      1.00000
 4.3200E+04                      0.160       0.000  0.43766      1.00000
 4.3200E+04                      0.200       0.000  0.34947      1.00000
 4.3200E+04                      0.240       0.000  0.27711      1.00000
 4.3200E+04                      0.280       0.000  0.21824      1.00000
 4.3200E+04                      0.320       0.000  0.17075      1.00000
 4.3200E+04                      0.360       0.000  0.13273      1.00000
 4.3200E+04                      0.400       0.000  0.10253      1.00000
 4.3200E+04                      0.440       0.000  0.07871      1.00000
 4.3200E+04                      0.480       0.000  0.06005      1.00000
 4.3200E+04                      0.520       0.000  0.04555      1.00000
 4.3200E+04                      0.560       0.000  0.03435      1.00000
 4.3200E+04                      0.600       0.000  0.02575      1.00000
 4.3200E+04                      0.640       0.000  0.01920      1.00000
 4.3200E+04                      0.680       0.000  0.01424      1.00000
 4.3200E+04                      0.720       0.000  0.01050      1.00000
 4.3200E+04                      0.760       0.000  0.00770      1.00000
 4.3200E+04                      0.800       0.000  0.00562      1.00000
 6.4800E+04                      0.010       0.000  0.95823      1.00000
 6.4800E+04                      0.040       0.000  0.84111      1.00000
 6.4800E+04                      0.080       0.000  0.70307      1.00000
 6.4800E+04                      0.120       0.000  0.58415      1.00000
 6.4800E+04                      0.160       0.000  0.48251      1.00000
 6.4800E+04                      0.200       0.000  0.39630      1.00000
 6.4800E+04                      0.240       0.000  0.32369      1.00000
 6.4800E+04                      0.280       0.000  0.26296      1.00000
 6.4800E+04                      0.320       0.000  0.21250      1.00000
 6.4800E+04                      0.360       0.000  0.17084      1.00000
 6.4800E+04                      0.400       0.000  0.13666      1.00000
 6.4800E+04                      0.440       0.000  0.10878      1.00000
 6.4800E+04                      0.480       0.000  0.08617      1.00000
 6.4800E+04                      0.520       0.000  0.06794      1.00000
 6.4800E+04                      0.560       0.000  0.05332      1.00000
 6.4800E+04                      0.600       0.000  0.04165      1.00000
 6.4800E+04                      0.640       0.000  0.03239      1.00000
 6.4800E+04                      0.680       0.000  0.02508      1.00000
 6.4800E+04                      0.720       0.000  0.01934      1.00000
 6.4800E+04                      0.760       0.000  0.01484      1.00000
 6.4800E+04                      0.800       0.000  0.01135      1.00000
 8.6400E+04                      0.010       0.000  0.96154      1.00000
 8.6400E+04                      0.040       0.000  0.85308      1.00000
 8.6400E+04                      0.080       0.000  0.72391      1.00000
 8.6400E+04                      0.120       0.000  0.61115      1.00000
 8.6400E+04                      0.160       0.000  0.51339      1.00000
 8.6400E+04                      0.200       0.000  0.42917      1.00000
 8.6400E+04                      0.240       0.000  0.35708      1.00000
 8.6400E+04                      0.280       0.000  0.29573      1.00000
 8.6400E+04                      0.320       0.000  0.24382      1.00000
 8.6400E+04                      0.360       0.000  0.20014      1.00000
 8.6400E+04                      0.400       0.000  0.16358      1.00000
 8.6400E+04                      0.440       0.000  0.13314      1.00000
 8.6400E+04                      0.480       0.000  0.10792      1.00000
 8.6400E+04                      0.520       0.000  0.08712      1.00000
 8.6400E+04                      0.560       0.000  0.07005      1.00000
 8.6400E+04                      0.600       0.000  0.05610      1.00000
 8.6400E+04                      0.640       0.000  0.04476      1.00000
 8.6400E+04                      0.680       0.000  0.03558      1.00000
 8.6400E+04                      0.720       0.000  0.02818      1.00000
 8.6400E+04                      0.760       0.000  0.02224      1.00000
 8.6400E+04                      0.800       0.000  0.01748      1.00000
 1.0800E+05                      0.010       0.000  0.96394      1.00000
 1.0800E+05                      0.040       0.000  0.86184      1.00000
 1.0800E+05                      0.080       0.000  0.73930      1.00000
 1.0800E+05                      0.120       0.000  0.63131      1.00000
 1.0800E+05                      0.160       0.000  0.53673      1.00000
 1.0800E+05                      0.200       0.000  0.45435      1.00000
 1.0800E+05                      0.240       0.000  0.38302      1.00000
 1.0800E+05                      0.280       0.000  0.32156      1.00000
 1.0800E+05                      0.320       0.000  0.26889      1.00000
 1.0800E+05                      0.360       0.000  0.22397      1.00000
 1.0800E+05                      0.400       0.000  0.18585      1.00000
 1.0800E+05                      0.440       0.000  0.15364      1.00000
 1.0800E+05                      0.480       0.000  0.12654      1.00000
 1.0800E+05                      0.520       0.000  0.10386      1.00000
 1.0800E+05                      0.560       0.000  0.08493      1.00000
 1.0800E+05                      0.600       0.000  0.06922      1.00000
 1.0800E+05                      0.640       0.000  0.05622      1.00000
 1.0800E+05                      0.680       0.000  0.04551      1.00000
 1.0800E+05                      0.720       0.000  0.03672      1.00000
 1.0800E+05                      0.760       0.000  0.02953      1.00000
 1.0800E+05                      0.800       0.000  0.02368      1.00000
 1.2960E+05                      0.010       0.000  0.96580      1.00000
 1.2960E+05                      0.040       0.000  0.86866      1.00000
 1.2960E+05                      0.080       0.000  0.75138      1.00000
 1.2960E+05                      0.120       0.000  0.64728      1.00000
 1.2960E+05                      0.160       0.000  0.55537      1.00000
 1.2960E+05                      0.200       0.000  0.47467      1.00000
 1.2960E+05                      0.240       0.000  0.40415      1.00000
 1.2960E+05                      0.280       0.000  0.34284      1.00000
 1.2960E+05                      0.320       0.000  0.28977      1.00000
 1.2960E+05                      0.360       0.000  0.24406      1.00000
 1.2960E+05                      0.400       0.000  0.20484      1.00000
 1.2960E+05                      0.440       0.000  0.17135      1.00000
 1.2960E+05                      0.480       0.000  0.14285      1.00000
 1.2960E+05                      0.520       0.000  0.11871      1.00000
 1.2960E+05                      0.560       0.000  0.09833      1.00000
 1.2960E+05                      0.600       0.000  0.08119      1.00000
 1.2960E+05                      0.640       0.000  0.06683      1.00000
 1.2960E+05                      0.680       0.000  0.05485      1.00000
 1.2960E+05                      0.720       0.000  0.04488      1.00000
 1.2960E+05                      0.760       0.000  0.03661      1.00000
 1.2960E+05                      0.800       0.000  0.02978      1.00000
 1.5120E+05                      0.010       0.000  0.96731      1.00000
 1.5120E+05                      0.040       0.000  0.87420      1.00000
 1.5120E+05                      0.080       0.000  0.76126      1.00000
 1.5120E+05                      0.120       0.000  0.66042      1.00000
 1.5120E+05                      0.160       0.000  0.57083      1.00000
 1.5120E+05                      0.200       0.000  0.49163      1.00000
 1.5120E+05                      0.240       0.000  0.42194      1.00000
 1.5120E+05                      0.280       0.000  0.36090      1.00000
 1.5120E+05                      0.320       0.000  0.30766      1.00000
 1.5120E+05                      0.360       0.000  0.26141      1.00000
 1.5120E+05                      0.400       0.000  0.22141      1.00000
 1.5120E+05                      0.440       0.000  0.18694      1.00000
 1.5120E+05                      0.480       0.000  0.15736      1.00000
 1.5120E+05                      0.520       0.000  0.13206      1.00000
 1.5120E+05                      0.560       0.000  0.11050      1.00000
 1.5120E+05                      0.600       0.000  0.09219      1.00000
 1.5120E+05                      0.640       0.000  0.07669      1.00000
 1.5120E+05                      0.680       0.000  0.06362      1.00000
 1.5120E+05                      0.720       0.000  0.05263      1.00000
 1.5120E+05                      0.760       0.000  0.04343      1.00000
 1.5120E+05                      0.800       0.000  0.03573      1.00000
 1.7280E+05                      0.010       0.000  0.96856      1.00000
 1.7280E+05                      0.040       0.000  0.87884      1.00000
 1.7280E+05                      0.080       0.000  0.76958      1.00000
 1.7280E+05                      0.120       0.000  0.67154      1.00000
 1.7280E+05                      0.160       0.000  0.58399      1.00000
 1.7280E+05                      0.200       0.000  0.50616      1.00000
 1.7280E+05                      0.240       0.000  0.43728      1.00000
 1.7280E+05                      0.280       0.000  0.37657      1.00000
 1.7280E+05                      0.320       0.000  0.32328      1.00000
 1.7280E+05                      0.360       0.000  0.27669      1.00000
 1.7280E+05                      0.400       0.000  0.23611      1.00000
 1.7280E+05                      0.440       0.000  0.20089      1.00000
 1.7280E+05                      0.480       0.000  0.17043      1.00000
 1.7280E+05                      0.520       0.000  0.14419      1.00000
 1.7280E+05                      0.560       0.000  0.12165      1.00000
 1.7280E+05                      0.600       0.000  0.10236      1.00000
 1.7280E+05                      0.640       0.000  0.08589      1.00000
 1.7280E+05                      0.680       0.000  0.07189      1.00000
 1.7280E+05                      0.720       0.000  0.06001      1.00000
 1.7280E+05                      0.760       0.000  0.04997      1.00000
 1.7280E+05                      0.800       0.000  0.04151      1.00000
 2.1600E+05                      0.010       0.000  0.97056      1.00000
 2.1600E+05                      0.040       0.000  0.88628      1.00000
 2.1600E+05                      0.080       0.000  0.78298      1.00000
 2.1600E+05                      0.120       0.000  0.68957      1.00000
 2.1600E+05                      0.160       0.000  0.60547      1.00000
 2.1600E+05                      0.200       0.000  0.53005      1.00000
 2.1600E+05                      0.240       0.000  0.46268      1.00000
 2.1600E+05                      0.280       0.000  0.40274      1.00000
 2.1600E+05                      0.320       0.000  0.34959      1.00000
 2.1600E+05                      0.360       0.000  0.30263      1.00000
 2.1600E+05                      0.400       0.000  0.26129      1.00000
 2.1600E+05                      0.440       0.000  0.22500      1.00000
 2.1600E+05                      0.480       0.000  0.19326      1.00000
 2.1600E+05                      0.520       0.000  0.16558      1.00000
 2.1600E+05                      0.560       0.000  0.14152      1.00000
 2.1600E+05                      0.600       0.000  0.12066      1.00000
 2.1600E+05                      0.640       0.000  0.10263      1.00000
 2.1600E+05                      0.680       0.000  0.08709      1.00000
 2.1600E+05                      0.720       0.000  0.07373      1.00000
 2.1600E+05                      0.760       0.000  0.06228      1.00000
 2.1600E+05                      0.800       0.000  0.05249      1.00000
 2.5920E+05                      0.010       0.000  0.97212      1.00000
 2.5920E+05                      0.040       0.000  0.89207      1.00000
 2.5920E+05                      0.080       0.000  0.79348      1.00000
 2.5920E+05                      0.120       0.000  0.70380      1.00000
 2.5920E+05                      0.160       0.000  0.62254      1.00000
 2.5920E+05                      0.200       0.000  0.54919      1.00000
 2.5920E+05                      0.240       0.000  0.48320      1.00000
 2.5920E+05                      0.280       0.000  0.42405      1.00000
 2.5920E+05                      0.320       0.000  0.37120      1.00000
 2.5920E+05                      0.360       0.000  0.32414      1.00000
 2.5920E+05                      0.400       0.000  0.28236      1.00000
 2.5920E+05                      0.440       0.000  0.24538      1.00000
 2.5920E+05                      0.480       0.000  0.21275      1.00000
 2.5920E+05                      0.520       0.000  0.18404      1.00000
 2.5920E+05                      0.560       0.000  0.15884      1.00000
 2.5920E+05                      0.600       0.000  0.13679      1.00000
 2.5920E+05                      0.640       0.000  0.11754      1.00000
 2.5920E+05                      0.680       0.000  0.10079      1.00000
 2.5920E+05                      0.720       0.000  0.08624      1.00000
 2.5920E+05                      0.760       0.000  0.07364      1.00000
 2.5920E+05                      0.800       0.000  0.06276      1.00000
 3.0240E+05                      0.010       0.000  0.97337      1.00000
 3.0240E+05                      0.040       0.000  0.89677      1.00000
 3.0240E+05                      0.080       0.000  0.80205      1.00000
 3.0240E+05                      0.120       0.000  0.71548      1.00000
 3.0240E+05                      0.160       0.000  0.63664      1.00000
 3.0240E+05                      0.200       0.000  0.56508      1.00000
 3.0240E+05                      0.240       0.000  0.50035      1.00000
 3.0240E+05                      0.280       0.000  0.44198      1.00000
 3.0240E+05                      0.320       0.000  0.38951      1.00000
 3.0240E+05                      0.360       0.000  0.34249      1.00000
 3.0240E+05                      0.400       0.000  0.30047      1.00000
 3.0240E+05                      0.440       0.000  0.26303      1.00000
 3.0240E+05                      0.480       0.000  0.22976      1.00000
 3.0240E+05                      0.520       0.000  0.20027      1.00000
 3.0240E+05                      0.560       0.000  0.17420      1.00000
 3.0240E+05                      0.600       0.000  0.15122      1.00000
 3.0240E+05                      0.640       0.000  0.13100      1.00000
 3.0240E+05                      0.680       0.000  0.11327      1.00000
 3.0240E+05                      0.720       0.000  0.09774      1.00000
 3.0240E+05                      0.760       0.000  0.08418      1.00000
 3.0240E+05                      0.800       0.000  0.07236      1.00000
 3.4560E+05                      0.010       0.000  0.97442      1.00000
 3.4560E+05                      0.040       0.000  0.90070      1.00000
 3.4560E+05                      0.080       0.000  0.80926      1.00000
 3.4560E+05                      0.120       0.000  0.72534      1.00000
 3.4560E+05                      0.160       0.000  0.64859      1.00000
 3.4560E+05                      0.200       0.000  0.57862      1.00000
 3.4560E+05                      0.240       0.000  0.51503      1.00000
 3.4560E+05                      0.280       0.000  0.45742      1.00000
 3.4560E+05                      0.320       0.000  0.40537      1.00000
 3.4560E+05                      0.360       0.000  0.35847      1.00000
 3.4560E+05                      0.400       0.000  0.31634      1.00000
 3.4560E+05                      0.440       0.000  0.27859      1.00000
 3.4560E+05                      0.480       0.000  0.24485      1.00000
 3.4560E+05                      0.520       0.000  0.21477      1.00000
 3.4560E+05                      0.560       0.000  0.18802      1.00000
 3.4560E+05                      0.600       0.000  0.16428      1.00000
 3.4560E+05                      0.640       0.000  0.14327      1.00000
 3.4560E+05                      0.680       0.000  0.12472      1.00000
 3.4560E+05                      0.720       0.000  0.10837      1.00000
 3.4560E+05                      0.760       0.000  0.09400      1.00000
 3.4560E+05                      0.800       0.000  0.08138      1.00000
