  5.0000001E-02  1.938577488333195E-008
  0.1000000      1.680862347680804E-005
  0.1500000      2.133919264115489E-004
  0.2000000      8.634645097500014E-004
  0.2500000      2.140727016095851E-003
  0.3000000      4.091333164284170E-003
  0.3500000      6.683553759023881E-003
  0.4000000      9.849844471262069E-003
  0.4500000      1.351108201270307E-002
  0.5000000      1.758897811344723E-002
  0.5500000      2.201158278427978E-002
  0.6000000      2.671476625739017E-002
  0.6500000      3.164328499446555E-002
  0.7000000      3.674995938554828E-002
  0.7500000      4.199451990113208E-002
  0.8000000      4.734303098644298E-002
  0.8500000      5.276654338874312E-002
  0.9000000      5.824150596393102E-002
  0.9500000      6.374823809602218E-002
   1.000000      6.927002652077742E-002
   1.050000      7.479244451091455E-002
   1.100000      8.030548954808554E-002
   1.150000      8.579955165836688E-002
   1.200000      9.126658845879752E-002
   1.250000      9.670297358213253E-002
   1.300000      0.102101434005989     
   1.350000      0.107459719621528     
   1.400000      0.112779321919684     
   1.450000      0.118051634022858     
   1.500000      0.123282177918932     
   1.550000      0.128469803398703     
   1.600000      0.133607141364320     
   1.650000      0.138703289257030     
   1.700000      0.143755526388447     
   1.750000      0.148766646587882     
   1.800000      0.153737166030043     
   1.850000      0.158669038710057     
   1.900000      0.163561083587398     
   1.950000      0.168415682444488     
   2.000000      0.173237924052955     
   2.050000      0.178021416823455     
   2.100000      0.182778922519288     
   2.150000      0.187504118511847     
   2.200000      0.192200193946834     
   2.250000      0.196870152675120     
   2.300000      0.201515133080093     
   2.350000      0.206126584646678     
   2.400000      0.210718799784938     
   2.450000      0.215294534601337     
   2.500000      0.219846232404372     
   2.550000      0.224373673418615     
   2.600000      0.228882621874234     
   2.650000      0.233381087694945     
   2.700000      0.237851939799361     
   2.750000      0.242306617000585     
   2.800000      0.246743930216165     
   2.850000      0.251172495543745     
   2.900000      0.255581031288834     
   2.950000      0.259969192761780     
   3.000000      0.264350807717639     
   3.050000      0.268721414279775     
   3.100000      0.273052429508909     
   3.150000      0.277192022488404     
   3.200000      0.280859258279300     
   3.250000      0.283904293738089     
   3.300000      0.286249716180639     
   3.350000      0.287949868084854     
   3.400000      0.289054707980393     
   3.450000      0.289655566126978     
   3.500000      0.289821496008819     
   3.550000      0.289634093700912     
   3.600000      0.289154059455421     
   3.650000      0.288443991692083     
   3.700000      0.287540287680809     
   3.750000      0.286482282303989     
   3.800000      0.285311799604455     
   3.850000      0.284054432794100     
   3.900000      0.282718320477269     
   3.950000      0.281352693388804     
   4.000000      0.279958534934675     
   4.050000      0.278558047688743     
   4.100000      0.277132589518444     
   4.150000      0.275724846395087     
   4.200000      0.274341899902526     
   4.250000      0.272964422750801     
   4.300000      0.271611353865270     
   4.350000      0.270258124943700     
   4.400000      0.268987725768172     
   4.450000      0.267726363326017     
   4.500000      0.266466396511431     
   4.550000      0.265286353248380     
   4.600000      0.264104072973284     
   4.650000      0.262946998021037     
   4.700000      0.261838211621212     
   4.750000      0.260752812391990     
   4.800000      0.259687040304777     
   4.850000      0.258631039976359     
   4.900000      0.257630269925601     
   4.950000      0.256647319167432     
   5.000000      0.255655637808731     
   5.050000      0.254729435409120     
   5.100000      0.253772085369733     
   5.150000      0.252865079532358     
   5.200000      0.251947920292306     
   5.250000      0.251048596228863     
   5.300000      0.250192724486235     
   5.350000      0.249290736164333     
   5.400000      0.248401989206201     
   5.450000      0.247565984900898     
   5.500000      0.246721924879339     
   5.550000      0.245878521303026     
   5.600000      0.244998421118798     
   5.650000      0.244191951946972     
   5.700000      0.243340218518198     
   5.750000      0.242492341967629     
   5.800000      0.241641869950343     
   5.850000      0.240795204009132     
   5.900000      0.239972431802503     
   5.950000      0.239120442937234     
   6.000000      0.238287340394676     
   6.050000      0.237394734485763     
   6.100000      0.236574998192446     
   6.150000      0.235703515292642     
   6.200000      0.234858133179413     
   6.250000      0.233977059345151     
   6.300000      0.233131054412065     
   6.350000      0.232268402714837     
   6.400000      0.231383732245277     
   6.450000      0.230492911011394     
   6.500000      0.229645758818605     
   6.550000      0.228727948045890     
   6.600000      0.227848586095529     
   6.650000      0.226962871786667     
   6.700000      0.226039613553357     
   6.750000      0.225166748684212     
   6.800000      0.224242542629716     
   6.850000      0.223322045125578     
   6.900000      0.222377655783158     
   6.950000      0.221485796307762     
   7.000000      0.220542953359523     
   7.050000      0.219579074834925     
   7.100000      0.218665778572687     
   7.150000      0.217711515856470     
   7.200000      0.216768709103859     
   7.250000      0.215830347955914     
   7.300000      0.214881381752449     
   7.350000      0.213938916176741     
   7.400000      0.212945104630917     
   7.450000      0.212006534015663     
   7.500000      0.211039766989844     
