  ap         spac        porm        r           rp
 0.77796E-02 0.37108E+01 0.37976E+00 0.37575E+01 0.41102E+01
 0.62415E-01 0.34998E+01 0.42545E+00 0.36774E+01 0.13126E+01
 0.14217E+00 0.13192E+01 0.31242E+00 0.29800E+01 0.31964E+01
 0.80760E-01 0.13661E+01 0.36212E+00 0.28918E+01 0.44148E+01
 0.33928E-02 0.27886E+01 0.10721E+00 0.25150E+01 0.46874E+01
 0.20000E+00 0.21723E+00 0.36373E+00 0.10561E+01 0.45671E+01
 0.19920E+00 0.10535E+01 0.43347E+00 0.34850E+01 0.23788E+01
 0.74778E-01 0.12333E+01 0.30441E+00 0.28116E+01 0.11443E+01
 0.51647E-01 0.35936E+01 0.13046E+00 0.23387E+01 0.21944E+01
 0.18046E+00 0.21008E+01 0.37415E+00 0.36453E+01 0.27876E+01
 0.31309E-01 0.21086E+01 0.42465E+00 0.26673E+01 0.19780E+01
 0.62814E-01 0.79559E+00 0.24429E+00 0.12325E+01 0.16733E+01
 0.12423E+00 0.28589E+01 0.35731E+00 0.22425E+01 0.13527E+01
 0.28517E-01 0.17100E+01 0.24589E+00 0.21784E+01 0.43667E+01
 0.51248E-01 0.15146E+01 0.15130E+00 0.46553E+01 0.10641E+01
 0.10987E+00 0.21321E+01 0.30040E+00 0.45511E+01 0.22104E+01
 0.82355E-01 0.23509E+01 0.47916E+00 0.43427E+01 0.39178E+01
 0.31707E-01 0.14834E+01 0.19138E+00 0.11603E+01 0.26353E+01
 0.66802E-01 0.28980E+01 0.45030E+00 0.42465E+01 0.10321E+01
 0.11785E+00 0.55331E+00 0.41102E+00 0.27555E+01 0.38858E+01
 0.71188E-01 0.70962E+00 0.24990E+00 0.12405E+01 0.24269E+01
 0.88735E-01 0.22962E+01 0.24830E+00 0.21864E+01 0.49359E+01
 0.75974E-01 0.11082E+01 0.10321E+00 0.48317E+01 0.42545E+01
 0.12622E+00 0.30465E+01 0.22425E+00 0.13687E+01 0.15371E+01
 0.16553E-01 0.39375E+01 0.17375E+00 0.16573E+01 0.36132E+01
 0.10548E+00 0.19367E+01 0.13607E+00 0.46874E+01 0.21303E+01
 0.11346E+00 0.16397E+01 0.45591E+00 0.35892E+01 0.24749E+01
 0.63611E-01 0.38515E+01 0.12645E+00 0.43587E+01 0.14168E+01
 0.32106E-01 0.35701E+01 0.23547E+00 0.17615E+01 0.30281E+01
 0.17328E+00 0.12255E+01 0.42385E+00 0.32926E+01 0.13367E+01
 0.17607E+00 0.33447E+00 0.32044E+00 0.36132E+01 0.10721E+01
 0.19202E+00 0.23118E+01 0.32124E+00 0.37014E+01 0.19379E+01
 0.15055E+00 0.28277E+01 0.14489E+00 0.37415E+01 0.41824E+01
 0.11944E+00 0.37968E+01 0.28597E+00 0.29238E+01 0.28437E+01
 0.15334E+00 0.10848E+01 0.33086E+00 0.43347E+01 0.29479E+01
 0.23731E-01 0.34373E+01 0.25391E+00 0.31082E+01 0.27715E+01
 0.41904E-02 0.36327E+01 0.10401E+00 0.12966E+01 0.37735E+01
 0.11147E+00 0.15459E+01 0.40301E+00 0.13607E+01 0.28357E+01
 0.27321E-01 0.21790E+01 0.28918E+00 0.46072E+01 0.39579E+01
 0.19641E+00 0.50641E+00 0.37094E+00 0.31162E+01 0.22986E+01
 0.60022E-01 0.18741E+01 0.12565E+00 0.42786E+01 0.38216E+01
 0.76772E-01 0.30152E+01 0.35251E+00 0.17134E+01 0.20982E+01
 0.12782E+00 0.68617E+00 0.49760E+00 0.44549E+01 0.10481E+01
 0.18524E+00 0.14365E+01 0.30200E+00 0.33246E+01 0.12084E+01
 0.17408E+00 0.31403E+01 0.46152E+00 0.27315E+01 0.20741E+01
 0.14856E+00 0.99098E+00 0.39178E+00 0.44068E+01 0.26834E+01
 0.16371E+00 0.15471E+00 0.27395E+00 0.31323E+01 0.22184E+01
 0.17527E+00 0.26010E+01 0.27234E+00 0.35331E+01 0.19218E+01
 0.77569E-01 0.37577E+01 0.45511E+00 0.20180E+01 0.17455E+01
 0.18485E+00 0.85030E+00 0.16172E+00 0.49359E+01 0.44790E+01
 0.14776E+00 0.93627E+00 0.25872E+00 0.42625E+01 0.12244E+01
 0.38487E-01 0.24291E+01 0.48236E+00 0.45351E+01 0.26673E+01
 0.54040E-01 0.86593E+00 0.35170E+00 0.47595E+01 0.10802E+01
 0.16929E+00 0.29214E+01 0.34529E+00 0.32365E+01 0.21383E+01
 0.20142E-01 0.73307E+00 0.46232E+00 0.39419E+01 0.19299E+01
 0.19362E+00 0.32263E+01 0.18016E+00 0.15371E+01 0.45030E+01
 0.11266E+00 0.13036E+01 0.29399E+00 0.17455E+01 0.21864E+01
 0.18604E+00 0.37812E+01 0.44148E+00 0.29399E+01 0.20501E+01
 0.10389E+00 0.22884E+01 0.49439E+00 0.33166E+01 0.35892E+01
 0.10828E+00 0.22571E+01 0.32846E+00 0.27635E+01 0.35571E+01
 0.15454E+00 0.38281E+01 0.19619E+00 0.20020E+01 0.19459E+01
 0.12565E-01 0.49078E+00 0.29719E+00 0.10240E+01 0.19860E+01
 0.10172E-01 0.29293E+01 0.15932E+00 0.30842E+01 0.49840E+01
 0.71587E-01 0.84248E+00 0.39659E+00 0.18096E+01 0.22665E+01
 0.98705E-01 0.21399E+01 0.41022E+00 0.42545E+01 0.15050E+01
 0.19482E+00 0.37265E+01 0.18818E+00 0.47836E+01 0.43828E+01
 0.83551E-01 0.27194E+00 0.15451E+00 0.41423E+01 0.24108E+01
 0.12702E+00 0.26792E+01 0.21463E+00 0.32445E+01 0.35331E+01
 0.13579E+00 0.28198E+01 0.30120E+00 0.25230E+01 0.18898E+01
 0.14457E+00 0.12176E+01 0.18176E+00 0.37976E+01 0.27635E+01
 0.19743E-01 0.31102E+00 0.17054E+00 0.26273E+01 0.16974E+01
 0.12303E+00 0.16631E+01 0.23146E+00 0.40621E+01 0.23627E+01
 0.34499E-01 0.39687E+01 0.48317E+00 0.15932E+01 0.14890E+01
 0.58028E-01 0.23587E+01 0.13447E+00 0.23788E+01 0.28597E+01
 0.18724E+00 0.17335E+01 0.47275E+00 0.13206E+01 0.38778E+01
 0.11067E+00 0.18194E+01 0.22505E+00 0.15130E+01 0.22906E+01
 0.15414E+00 0.17647E+01 0.38136E+00 0.49198E+01 0.43988E+01
 0.10429E+00 0.38671E+01 0.13126E+00 0.47675E+01 0.12966E+01
 0.17488E+00 0.31090E+01 0.38697E+00 0.39098E+01 0.26914E+01
 0.13978E+00 0.28042E+01 0.13848E+00 0.27475E+01 0.12164E+01
 0.96711E-01 0.16084E+01 0.26433E+00 0.39018E+01 0.48477E+01
 0.17288E+00 0.21164E+01 0.42705E+00 0.47355E+01 0.43747E+01
 0.73980E-01 0.18351E+01 0.39900E+00 0.12004E+01 0.21784E+01
 0.16251E+00 0.20160E+00 0.28838E+00 0.26433E+01 0.28196E+01
 0.33701E-01 0.17804E+01 0.32285E+00 0.39499E+01 0.15611E+01
 0.24928E-01 0.29539E+00 0.25551E+00 0.30040E+01 0.13287E+01
 0.60820E-01 0.22727E+01 0.26032E+00 0.23307E+01 0.33246E+01
 0.85944E-01 0.38918E+00 0.15371E+00 0.31804E+01 0.35812E+01
 0.17846E+00 0.87375E+00 0.37735E+00 0.15451E+01 0.14970E+01
 0.58826E-01 0.24134E+01 0.35331E+00 0.48637E+01 0.17054E+01
 0.34898E-01 0.35858E+01 0.42946E+00 0.15772E+01 0.36052E+01
 0.14297E+00 0.36014E+01 0.24188E+00 0.38778E+01 0.15772E+01
 0.68397E-01 0.27729E+01 0.13367E+00 0.38457E+01 0.27796E+01
 0.13141E+00 0.31246E+01 0.44709E+00 0.47996E+01 0.22425E+01
 0.17749E-01 0.14599E+01 0.42786E+00 0.34529E+01 0.38297E+01
 0.81557E-01 0.17816E+00 0.25311E+00 0.35571E+01 0.11764E+01
 0.61617E-01 0.29762E+01 0.19699E+00 0.47194E+01 0.37014E+01
 0.67200E-01 0.18597E+00 0.46713E+00 0.46152E+01 0.39419E+01
 0.16770E+00 0.45952E+00 0.48798E+00 0.24749E+01 0.15210E+01
 0.16610E+00 0.26713E+01 0.47675E+00 0.44309E+01 0.48236E+01
 0.14816E+00 0.26088E+01 0.37575E+00 0.36373E+01 0.24589E+01
 0.36094E-01 0.32419E+01 0.33808E+00 0.42866E+01 0.48958E+01
 0.14736E+00 0.35010E+00 0.29238E+00 0.31884E+01 0.40701E+01
 0.16491E+00 0.30321E+00 0.42305E+00 0.44148E+01 0.17776E+01
 0.11625E+00 0.29371E+01 0.20501E+00 0.11202E+01 0.44870E+01
 0.66403E-01 0.74870E+00 0.34449E+00 0.37255E+01 0.44709E+01
 0.68796E-01 0.10782E+00 0.28998E+00 0.41022E+01 0.17856E+01
 0.75176E-01 0.33357E+01 0.32605E+00 0.35411E+01 0.22265E+01
 0.40481E-01 0.31481E+01 0.42224E+00 0.32285E+01 0.32124E+01
 0.22136E-01 0.81904E+00 0.39339E+00 0.18016E+01 0.49038E+01
 0.24529E-01 0.19523E+01 0.22826E+00 0.45591E+01 0.48717E+01
 0.14958E-01 0.11473E+01 0.47756E+00 0.41824E+01 0.15451E+01
 0.11466E+00 0.65491E+00 0.47595E+00 0.28597E+01 0.49679E+01
 0.59623E-01 0.24603E+01 0.46954E+00 0.13367E+01 0.20421E+01
 0.20541E-01 0.27104E+01 0.45832E+00 0.35731E+01 0.47515E+01
 0.81784E-02 0.27182E+01 0.22745E+00 0.16172E+01 0.29559E+01
 0.11386E+00 0.36796E+01 0.17134E+00 0.47275E+01 0.46633E+01
 0.12383E+00 0.26323E+01 0.26834E+00 0.38216E+01 0.36373E+01
 0.99104E-01 0.35792E+00 0.27715E+00 0.25711E+01 0.16653E+01
 0.16092E+00 0.13583E+01 0.26353E+00 0.10321E+01 0.47916E+01
 0.28916E-01 0.61583E+00 0.21222E+00 0.46954E+01 0.38136E+01
 0.57856E-02 0.22415E+01 0.29960E+00 0.33968E+01 0.43267E+01
 0.12343E+00 0.11942E+01 0.35571E+00 0.19780E+01 0.25150E+01
 0.56433E-01 0.22337E+01 0.45992E+00 0.19138E+01 0.32605E+01
 0.19322E+00 0.25072E+01 0.31723E+00 0.28838E+01 0.45351E+01
 0.87938E-01 0.33669E+01 0.36052E+00 0.10641E+01 0.16172E+01
 0.12166E-01 0.26413E+00 0.15611E+00 0.18737E+01 0.35010E+01
 0.10907E+00 0.31884E+00 0.40461E+00 0.11844E+01 0.18176E+01
 0.60421E-01 0.17178E+01 0.25070E+00 0.16253E+01 0.31242E+01
 0.19043E+00 0.32810E+01 0.43828E+00 0.10401E+01 0.44389E+01
 0.74379E-01 0.12411E+01 0.23387E+00 0.39659E+01 0.16012E+01
 0.12503E+00 0.17413E+01 0.50000E+00 0.40862E+01 0.46393E+01
 0.65206E-01 0.59238E+00 0.12004E+00 0.16894E+01 0.41343E+01
 0.50850E-01 0.13349E+01 0.37174E+00 0.14489E+01 0.38537E+01
 0.15932E+00 0.23353E+01 0.47114E+00 0.26593E+01 0.44549E+01
 0.52046E-01 0.12489E+01 0.37255E+00 0.19539E+01 0.17375E+01
 0.80361E-01 0.32575E+01 0.12806E+00 0.15050E+01 0.40461E+01
 0.16331E+00 0.71743E+00 0.15852E+00 0.14088E+01 0.37976E+01
 0.10000E-02 0.10457E+01 0.16253E+00 0.10160E+01 0.48798E+01
 0.73581E-01 0.18507E+01 0.28437E+00 0.17214E+01 0.22345E+01
 0.47261E-01 0.36573E+00 0.12966E+00 0.48076E+01 0.25872E+01
 0.52844E-01 0.23287E+00 0.14890E+00 0.44389E+01 0.36774E+01
 0.15175E+00 0.29683E+01 0.26994E+00 0.33487E+01 0.30361E+01
 0.56832E-01 0.18038E+01 0.49038E+00 0.37094E+01 0.22505E+01
 0.97110E-01 0.34685E+01 0.35491E+00 0.28277E+01 0.47435E+01
 0.24130E-01 0.12567E+01 0.45110E+00 0.15210E+01 0.43026E+01
 0.77170E-01 0.25307E+01 0.39018E+00 0.22826E+01 0.28277E+01
 0.40880E-01 0.95972E+00 0.21142E+00 0.25872E+01 0.10080E+01
 0.10469E+00 0.38202E+01 0.18257E+00 0.12565E+01 0.23467E+01
 0.12542E+00 0.23665E+01 0.35010E+00 0.43106E+01 0.16493E+01
 0.18126E+00 0.14130E+01 0.27315E+00 0.36052E+01 0.32445E+01
 0.86741E-01 0.24916E+01 0.11523E+00 0.37174E+01 0.27475E+01
 0.85772E-02 0.17022E+01 0.20661E+00 0.37495E+01 0.17936E+01
 0.13938E+00 0.15928E+01 0.28677E+00 0.15531E+01 0.16894E+01
 0.17647E+00 0.21711E+01 0.10160E+00 0.30281E+01 0.48076E+01
 0.13819E+00 0.19679E+01 0.40220E+00 0.31002E+01 0.49118E+01
 0.35695E-01 0.15693E+01 0.33006E+00 0.43267E+01 0.21062E+01
 0.19840E+00 0.12723E+01 0.47435E+00 0.12645E+01 0.20180E+01
 0.25952E-02 0.81122E+00 0.25230E+00 0.18337E+01 0.30922E+01
 0.17351E-01 0.51423E+00 0.45431E+00 0.38136E+01 0.41182E+01
 0.39285E-01 0.38359E+01 0.25952E+00 0.43186E+01 0.13687E+01
 0.14377E+00 0.38749E+01 0.36132E+00 0.37896E+01 0.16573E+01
 0.55236E-01 0.38828E+01 0.38297E+00 0.29639E+01 0.13206E+01
 0.10150E+00 0.16944E+01 0.16413E+00 0.22104E+01 0.23868E+01
 0.16889E+00 0.30230E+01 0.40862E+00 0.16493E+01 0.28838E+01
 0.81158E-01 0.42826E+00 0.26273E+00 0.11122E+01 0.13447E+01
 0.11984E+00 0.21477E+01 0.43988E+00 0.34689E+01 0.18497E+01
 0.13500E+00 0.10613E+01 0.13527E+00 0.41984E+01 0.23066E+01
 0.12463E+00 0.20942E+00 0.33968E+00 0.49038E+01 0.28918E+01
 0.42076E-01 0.26479E+01 0.14329E+00 0.48798E+01 0.32044E+01
 0.27719E-01 0.37655E+01 0.46313E+00 0.35170E+01 0.24910E+01
 0.18843E+00 0.27808E+01 0.18898E+00 0.40541E+01 0.41743E+01
 0.18923E+00 0.36952E+01 0.22184E+00 0.26192E+01 0.30040E+01
 0.94717E-01 0.17257E+01 0.33166E+00 0.40942E+01 0.31403E+01
 0.17687E+00 0.36405E+01 0.30521E+00 0.35812E+01 0.21463E+01
 0.46064E-01 0.11004E+01 0.20341E+00 0.10802E+01 0.25471E+01
 0.36892E-01 0.20539E+01 0.30281E+00 0.29319E+01 0.24349E+01
 0.93122E-01 0.18898E+01 0.49359E+00 0.18417E+01 0.47675E+01
 0.12104E+00 0.14677E+01 0.29559E+00 0.49840E+01 0.29960E+01
 0.13340E+00 0.31012E+01 0.27635E+00 0.48156E+01 0.22745E+01
 0.18684E+00 0.24838E+01 0.25711E+00 0.21944E+01 0.16814E+01
 0.10668E+00 0.34216E+01 0.29479E+00 0.29559E+01 0.26593E+01
 0.64010E-01 0.12098E+01 0.45351E+00 0.40301E+01 0.36854E+01
 0.10110E+00 0.31715E+01 0.17695E+00 0.13287E+01 0.34048E+01
 0.43671E-01 0.39062E+01 0.48397E+00 0.45992E+01 0.31884E+01
 0.17089E+00 0.34228E+00 0.19459E+00 0.38617E+01 0.46794E+01
 0.15756E-01 0.92846E+00 0.38457E+00 0.31403E+01 0.39259E+01
 0.83950E-01 0.31325E+01 0.49599E+00 0.41343E+01 0.27315E+01
 0.53242E-01 0.35780E+01 0.38377E+00 0.10481E+01 0.20341E+01
 0.18245E+00 0.26635E+01 0.33567E+00 0.40220E+01 0.29800E+01
 0.53868E-02 0.11160E+01 0.22265E+00 0.17936E+01 0.36212E+01
 0.16530E+00 0.27964E+01 0.37495E+00 0.37655E+01 0.18257E+01
 0.89134E-01 0.27976E+00 0.21944E+00 0.46232E+01 0.34369E+01
 0.14536E+00 0.16709E+01 0.30361E+00 0.17856E+01 0.47275E+01
 0.97908E-01 0.38984E+01 0.31403E+00 0.32605E+01 0.33888E+01
 0.19163E+00 0.28355E+01 0.37014E+00 0.46393E+01 0.34529E+01
 0.16411E+00 0.34060E+01 0.28116E+00 0.44469E+01 0.31804E+01
 0.20940E-01 0.26948E+01 0.25631E+00 0.19860E+01 0.34930E+01
 0.14576E+00 0.20226E+01 0.19218E+00 0.23066E+01 0.13607E+01
 0.14559E-01 0.15381E+01 0.47515E+00 0.22505E+01 0.32766E+01
 0.19601E+00 0.36248E+01 0.31002E+00 0.34770E+01 0.35731E+01
 0.44469E-01 0.13896E+01 0.27876E+00 0.40060E+01 0.18096E+01
 0.18644E+00 0.19992E+01 0.14569E+00 0.43507E+01 0.40060E+01
 0.10947E+00 0.16866E+01 0.41503E+00 0.21142E+01 0.43106E+01
 0.21737E-01 0.10000E+00 0.14729E+00 0.35651E+01 0.48637E+01
 0.11506E+00 0.20695E+01 0.10561E+00 0.25631E+01 0.46232E+01
 0.11585E+00 0.64709E+00 0.31563E+00 0.32204E+01 0.31723E+01
 0.43273E-01 0.12645E+01 0.13206E+00 0.40701E+01 0.26273E+01
 0.11705E+00 0.25631E+00 0.34369E+00 0.13928E+01 0.11283E+01
 0.11904E+00 0.19132E+01 0.12244E+00 0.11283E+01 0.19539E+01
 0.22535E-01 0.42044E+00 0.28357E+00 0.47916E+01 0.42786E+01
 0.59224E-01 0.22493E+01 0.43427E+00 0.24269E+01 0.15531E+01
 0.79164E-01 0.46733E+00 0.11283E+00 0.14970E+01 0.37655E+01
 0.93747E-02 0.30778E+01 0.18737E+00 0.40381E+01 0.38617E+01
 0.16052E+00 0.34529E+01 0.34208E+00 0.41663E+01 0.33647E+01
 0.10970E-01 0.13739E+01 0.16814E+00 0.29719E+01 0.43347E+01
 0.35297E-01 0.23743E+01 0.17776E+00 0.22585E+01 0.50000E+01
 0.65605E-01 0.23040E+01 0.10882E+00 0.34128E+01 0.14649E+01
 0.14058E+00 0.22259E+01 0.20020E+00 0.20341E+01 0.33006E+01
 0.18285E+00 0.17491E+01 0.24910E+00 0.26754E+01 0.46954E+01
 0.89760E-02 0.29449E+01 0.48076E+00 0.19299E+01 0.42705E+01
 0.66004E-01 0.67836E+00 0.34048E+00 0.34048E+01 0.26192E+01
 0.19402E+00 0.29840E+01 0.24269E+00 0.32525E+01 0.26112E+01
 0.18804E+00 0.38593E+01 0.23627E+00 0.33647E+01 0.36533E+01
 0.28118E-01 0.14756E+01 0.17214E+00 0.18898E+01 0.35491E+01
 0.16154E-01 0.48297E+00 0.14409E+00 0.30441E+01 0.21543E+01
 0.15613E+00 0.35076E+01 0.24028E+00 0.38858E+01 0.12485E+01
 0.18946E-01 0.16240E+01 0.46633E+00 0.39339E+01 0.44469E+01
 0.16451E+00 0.18663E+01 0.40701E+00 0.35251E+01 0.49920E+01
 0.14138E+00 0.25150E+01 0.16653E+00 0.17695E+01 0.35170E+01
 0.12742E+00 0.27261E+01 0.39980E+00 0.24108E+01 0.45992E+01
 0.15357E-01 0.27339E+01 0.31964E+00 0.34289E+01 0.40381E+01
 0.92723E-01 0.24681E+01 0.30922E+00 0.15691E+01 0.17214E+01
 0.12901E+00 0.17034E+00 0.14088E+00 0.45671E+01 0.49519E+01
 0.16211E+00 0.34764E+01 0.21062E+00 0.24910E+01 0.33327E+01
 0.14337E+00 0.18116E+01 0.43667E+00 0.21222E+01 0.16333E+01
 0.10269E+00 0.26870E+01 0.23948E+00 0.49279E+01 0.40301E+01
 0.75575E-01 0.25619E+01 0.16894E+00 0.24028E+01 0.47836E+01
 0.38088E-01 0.17960E+01 0.29639E+00 0.43828E+01 0.40140E+01
 0.78766E-01 0.19289E+01 0.39820E+00 0.14008E+01 0.38457E+01
 0.49880E-02 0.40481E+00 0.42866E+00 0.18497E+01 0.14088E+01
 0.38886E-01 0.54549E+00 0.39259E+00 0.40782E+01 0.36934E+01
 0.32904E-01 0.22180E+01 0.21784E+00 0.29158E+01 0.31323E+01
 0.85545E-01 0.35232E+01 0.19780E+00 0.38056E+01 0.49760E+01
 0.95116E-01 0.16475E+01 0.27475E+00 0.16814E+01 0.10962E+01
 0.16849E+00 0.24068E+00 0.46473E+00 0.42946E+01 0.21142E+01
 0.96313E-01 0.27573E+01 0.26754E+00 0.48477E+01 0.36293E+01
 0.90729E-01 0.13974E+01 0.28036E+00 0.37735E+01 0.30762E+01
 0.15095E+00 0.33982E+01 0.31162E+00 0.41583E+01 0.35651E+01
 0.11107E+00 0.58457E+00 0.48637E+00 0.49118E+01 0.44629E+01
 0.50451E-01 0.63928E+00 0.43587E+00 0.38697E+01 0.12806E+01
 0.11027E+00 0.25776E+01 0.27555E+00 0.31242E+01 0.34689E+01
 0.11426E+00 0.17725E+01 0.38537E+00 0.23467E+01 0.20661E+01
 0.45665E-01 0.17882E+01 0.28196E+00 0.29078E+01 0.34449E+01
 0.67599E-01 0.32731E+01 0.11764E+00 0.39900E+01 0.12004E+01
 0.13101E+00 0.34607E+01 0.41182E+00 0.22345E+01 0.29399E+01
 0.10628E+00 0.29527E+01 0.40782E+00 0.16733E+01 0.30441E+01
 0.26523E-01 0.37499E+01 0.32204E+00 0.17776E+01 0.48557E+01
 0.97735E-02 0.30074E+01 0.18978E+00 0.26513E+01 0.34289E+01
 0.16810E+00 0.28120E+01 0.27154E+00 0.12244E+01 0.42946E+01
 0.58427E-01 0.20461E+01 0.19058E+00 0.46473E+01 0.29158E+01
 0.69992E-01 0.20305E+01 0.12164E+00 0.30681E+01 0.12405E+01
 0.39683E-01 0.10691E+01 0.44549E+00 0.23627E+01 0.39098E+01
 0.34100E-01 0.24850E+00 0.44870E+00 0.24429E+01 0.45832E+01
 0.91128E-01 0.96754E+00 0.35972E+00 0.39178E+01 0.32846E+01
 0.15533E+00 0.97535E+00 0.47194E+00 0.32044E+01 0.23146E+01
 0.21339E-01 0.32341E+01 0.44228E+00 0.41904E+01 0.12725E+01
 0.10788E+00 0.28824E+01 0.39739E+00 0.20581E+01 0.28998E+01
 0.16132E+00 0.39218E+01 0.28277E+00 0.37816E+01 0.47114E+01
 0.48856E-01 0.13126E+00 0.37816E+00 0.27876E+01 0.27074E+01
 0.97509E-01 0.31637E+01 0.16092E+00 0.19699E+01 0.27956E+01
 0.15214E+00 0.33200E+01 0.26673E+00 0.49519E+01 0.12886E+01
 0.57230E-01 0.33591E+01 0.26593E+00 0.31723E+01 0.33407E+01
 0.17727E+00 0.43607E+00 0.14008E+00 0.20982E+01 0.43186E+01
 0.13699E+00 0.15068E+01 0.16012E+00 0.27074E+01 0.47194E+01
 0.17169E+00 0.39844E+01 0.32445E+00 0.42224E+01 0.48317E+01
 0.71986E-01 0.78778E+00 0.47836E+00 0.32766E+01 0.10882E+01
 0.10868E+00 0.39922E+01 0.18577E+00 0.21383E+01 0.27555E+01
 0.19442E+00 0.26166E+01 0.10240E+00 0.12485E+01 0.33086E+01
 0.18445E+00 0.32497E+01 0.21543E+00 0.24589E+01 0.32685E+01
 0.16570E+00 0.35154E+01 0.36854E+00 0.33086E+01 0.11924E+01
 0.12862E+00 0.24760E+01 0.18096E+00 0.16092E+01 0.23547E+01
 0.37916E-02 0.83467E+00 0.41824E+00 0.13768E+01 0.45271E+01
 0.14257E+00 0.38906E+01 0.11603E+00 0.10080E+01 0.14409E+01
 0.19242E+00 0.16162E+01 0.38938E+00 0.16974E+01 0.19619E+01
 0.26922E-01 0.22024E+01 0.46393E+00 0.34449E+01 0.30521E+01
 0.11825E+00 0.29918E+01 0.31643E+00 0.31563E+01 0.23707E+01
 0.17926E+00 0.32653E+01 0.35892E+00 0.48236E+01 0.35251E+01
 0.52445E-01 0.33904E+01 0.19299E+00 0.15852E+01 0.42465E+01
 0.78367E-01 0.15303E+01 0.16333E+00 0.16653E+01 0.37495E+01
 0.61844E-02 0.28511E+01 0.20822E+00 0.28196E+01 0.48397E+01
 0.76373E-01 0.70180E+00 0.35090E+00 0.26353E+01 0.25070E+01
 0.14497E+00 0.52986E+00 0.34128E+00 0.30762E+01 0.45511E+01
 0.13859E+00 0.13505E+01 0.26914E+00 0.11363E+01 0.42144E+01
 0.17049E+00 0.34138E+01 0.41263E+00 0.20421E+01 0.42305E+01
 0.85146E-01 0.10926E+01 0.12084E+00 0.10962E+01 0.38056E+01
 0.17966E+00 0.28902E+01 0.23707E+00 0.39259E+01 0.43507E+01
 0.90331E-01 0.34842E+01 0.24509E+00 0.32685E+01 0.15130E+01
 0.55635E-01 0.35389E+01 0.23307E+00 0.20100E+01 0.15932E+01
 0.15693E+00 0.36639E+01 0.44389E+00 0.19619E+01 0.11363E+01
 0.12964E-01 0.82685E+00 0.48958E+00 0.33327E+01 0.22826E+01
 0.98307E-01 0.37030E+01 0.18337E+00 0.38537E+01 0.29319E+01
 0.33303E-01 0.11707E+01 0.48557E+00 0.33808E+01 0.39980E+01
 0.17009E+00 0.67054E+00 0.17455E+00 0.22665E+01 0.40942E+01
 0.18365E+00 0.30699E+01 0.41984E+00 0.28036E+01 0.37255E+01
 0.19681E+00 0.36717E+01 0.49920E+00 0.34208E+01 0.25551E+01
 0.11369E-01 0.23822E+01 0.39579E+00 0.42385E+01 0.31643E+01
 0.10309E+00 0.31794E+01 0.20581E+00 0.17375E+01 0.46713E+01
 0.19123E+00 0.27417E+01 0.31082E+00 0.27715E+01 0.25711E+01
 0.10748E+00 0.23978E+01 0.14810E+00 0.41102E+01 0.43908E+01
 0.15015E+00 0.19445E+01 0.33647E+00 0.17295E+01 0.31563E+01
 0.13420E+00 0.10222E+01 0.32365E+00 0.44228E+01 0.41423E+01
 0.29315E-01 0.10144E+01 0.20100E+00 0.22986E+01 0.10401E+01
 0.18086E+00 0.16006E+01 0.38056E+00 0.30200E+01 0.18577E+01
 0.91527E-01 0.35311E+01 0.33327E+00 0.11924E+01 0.44068E+01
 0.10349E+00 0.14990E+01 0.15291E+00 0.28517E+01 0.19138E+01
 0.10571E-01 0.40000E+01 0.15050E+00 0.27395E+01 0.28517E+01
 0.13762E-01 0.11317E+01 0.17936E+00 0.30601E+01 0.44228E+01
 0.17248E+00 0.31950E+01 0.44309E+00 0.19058E+01 0.40220E+01
 0.19960E+00 0.39699E+00 0.11924E+00 0.26112E+01 0.44309E+01
 0.95914E-01 0.28758E+00 0.21703E+00 0.14729E+01 0.10240E+01
 0.95515E-01 0.10770E+01 0.33888E+00 0.36854E+01 0.20581E+01
 0.11187E+00 0.66273E+00 0.42144E+00 0.22265E+01 0.45190E+01
 0.48058E-01 0.23431E+01 0.23226E+00 0.48878E+01 0.17535E+01
 0.18405E+00 0.33747E+01 0.10080E+00 0.19940E+01 0.37094E+01
 0.29713E-01 0.30309E+01 0.11042E+00 0.29880E+01 0.10000E+01
 0.10070E+00 0.20852E+01 0.23066E+00 0.47034E+01 0.47355E+01
 0.81956E-01 0.11629E+01 0.34689E+00 0.25551E+01 0.23226E+01
 0.30112E-01 0.33435E+01 0.29880E+00 0.45832E+01 0.11523E+01
 0.19345E-01 0.21555E+01 0.17856E+00 0.27154E+01 0.11202E+01
 0.10588E+00 0.27651E+01 0.48878E+00 0.43026E+01 0.36453E+01
 0.69593E-01 0.34920E+01 0.22585E+00 0.36293E+01 0.29238E+01
 0.11545E+00 0.36561E+01 0.20902E+00 0.31964E+01 0.11603E+01
 0.13659E+00 0.24447E+01 0.10641E+00 0.18176E+01 0.18818E+01
 0.15972E+00 0.38124E+01 0.14168E+00 0.13447E+01 0.14489E+01
 0.18006E+00 0.98317E+00 0.46794E+00 0.29479E+01 0.30601E+01
 0.41279E-01 0.35467E+01 0.11202E+00 0.39579E+01 0.40541E+01
 0.50052E-01 0.14208E+01 0.25150E+00 0.16413E+01 0.39739E+01
 0.99902E-01 0.25385E+01 0.11844E+00 0.43988E+01 0.27234E+01
 0.14975E+00 0.16319E+01 0.34289E+00 0.26834E+01 0.24188E+01
 0.49255E-01 0.39609E+01 0.37655E+00 0.35090E+01 0.43427E+01
 0.18883E+00 0.90501E+00 0.25471E+00 0.13527E+01 0.31483E+01
 0.70391E-01 0.27026E+01 0.12405E+00 0.24188E+01 0.36693E+01
 0.42874E-01 0.15537E+01 0.27956E+00 0.47114E+01 0.41503E+01
 0.14696E+00 0.14443E+01 0.30842E+00 0.44950E+01 0.48156E+01
 0.79962E-01 0.27495E+01 0.48156E+00 0.24990E+01 0.47756E+01
 0.69194E-01 0.21946E+01 0.38216E+00 0.25952E+01 0.46152E+01
 0.36493E-01 0.16253E+00 0.36293E+00 0.19459E+01 0.35972E+01
 0.13460E+00 0.17569E+01 0.17535E+00 0.44709E+01 0.33968E+01
 0.13898E+00 0.25228E+01 0.44629E+00 0.12725E+01 0.10160E+01
 0.70790E-01 0.28745E+01 0.36453E+00 0.49599E+01 0.25230E+01
 0.89533E-01 0.88938E+00 0.19940E+00 0.25391E+01 0.42866E+01
 0.46862E-01 0.25854E+01 0.15531E+00 0.38938E+01 0.20261E+01
 0.73808E-02 0.20774E+01 0.37896E+00 0.16333E+01 0.13848E+01
 0.13539E+00 0.10301E+01 0.30601E+00 0.46313E+01 0.42625E+01
 0.15853E+00 0.13908E+00 0.10962E+00 0.32846E+01 0.29719E+01
 0.72784E-01 0.31872E+01 0.13768E+00 0.26994E+01 0.28036E+01
 0.14160E-01 0.19758E+01 0.16974E+00 0.30922E+01 0.24669E+01
 0.16952E-01 0.19210E+01 0.39098E+00 0.20822E+01 0.46473E+01
 0.10030E+00 0.36874E+01 0.40381E+00 0.25311E+01 0.42064E+01
 0.13260E+00 0.23900E+01 0.22906E+00 0.13046E+01 0.28677E+01
 0.61218E-01 0.92064E+00 0.13287E+00 0.40461E+01 0.20902E+01
 0.12662E+00 0.62365E+00 0.45912E+00 0.33407E+01 0.25311E+01
 0.77968E-01 0.63146E+00 0.32685E+00 0.12886E+01 0.21623E+01
 0.12981E+00 0.28433E+01 0.27796E+00 0.41503E+01 0.29639E+01
 0.16291E+00 0.77214E+00 0.21303E+00 0.41743E+01 0.11844E+01
 0.25725E-01 0.77996E+00 0.35812E+00 0.45030E+01 0.47034E+01
 0.12582E+00 0.23196E+01 0.16493E+00 0.23707E+01 0.29880E+01
 0.14656E+00 0.13818E+01 0.49118E+00 0.25792E+01 0.48878E+01
 0.17767E+00 0.32665E+00 0.24749E+00 0.41182E+01 0.32285E+01
 0.19561E+00 0.36483E+01 0.18417E+00 0.24830E+01 0.16092E+01
 0.94319E-01 0.18585E+01 0.18657E+00 0.34930E+01 0.17615E+01
 0.15773E+00 0.41263E+00 0.29158E+00 0.11683E+01 0.33808E+01
 0.15892E+00 0.14052E+01 0.13687E+00 0.48717E+01 0.39018E+01
 0.14895E+00 0.11395E+01 0.33246E+00 0.31643E+01 0.37415E+01
 0.13061E+00 0.39140E+01 0.34850E+00 0.22184E+01 0.33567E+01
 0.10708E+00 0.18820E+01 0.31323E+00 0.21303E+01 0.42224E+01
 0.12822E+00 0.34295E+01 0.37335E+00 0.44790E+01 0.12565E+01
 0.19761E+00 0.37421E+01 0.36533E+00 0.22745E+01 0.26513E+01
 0.15254E+00 0.30856E+01 0.40060E+00 0.14329E+01 0.16413E+01
 0.93521E-01 0.25932E+01 0.12725E+00 0.45271E+01 0.17295E+01
 0.82754E-01 0.29136E+01 0.17295E+00 0.45752E+01 0.24830E+01
 0.65832E-02 0.20148E+01 0.42064E+00 0.28758E+01 0.14329E+01
 0.41677E-01 0.24056E+01 0.35651E+00 0.13848E+01 0.30681E+01
 0.84747E-01 0.15615E+01 0.44950E+00 0.37335E+01 0.18016E+01
 0.69820E-02 0.39766E+01 0.39499E+00 0.21543E+01 0.25792E+01
 0.89932E-01 0.60020E+00 0.12886E+00 0.20741E+01 0.39900E+01
 0.29940E-02 0.32888E+01 0.10481E+00 0.23868E+01 0.45110E+01
 0.16012E+00 0.14689E+00 0.32926E+00 0.20501E+01 0.34770E+01
 0.17976E-02 0.22102E+01 0.25792E+00 0.43667E+01 0.35411E+01
 0.14178E+00 0.15772E+01 0.48717E+00 0.49439E+01 0.37896E+01
 0.16690E+00 0.24525E+01 0.22024E+00 0.13126E+01 0.23948E+01
 0.73182E-01 0.23275E+01 0.10802E+00 0.47756E+01 0.18337E+01
 0.88337E-01 0.28667E+01 0.46072E+00 0.25070E+01 0.43587E+01
 0.57629E-01 0.76433E+00 0.28758E+00 0.45912E+01 0.41904E+01
 0.15573E+00 0.26557E+01 0.22345E+00 0.35010E+01 0.12645E+01
 0.13739E+00 0.33513E+01 0.19860E+00 0.28998E+01 0.23307E+01
 0.92325E-01 0.80341E+00 0.12485E+00 0.45190E+01 0.19699E+01
 0.16969E+00 0.36170E+01 0.11363E+00 0.44870E+01 0.38377E+01
 0.15813E+00 0.12345E+00 0.47355E+00 0.10882E+01 0.31082E+01
 0.10229E+00 0.34451E+01 0.22665E+00 0.28677E+01 0.21703E+01
 0.13021E+00 0.11238E+01 0.29800E+00 0.18657E+01 0.34128E+01
 0.47659E-01 0.85812E+00 0.41904E+00 0.30120E+01 0.18657E+01
 0.17886E+00 0.72525E+00 0.16733E+00 0.17054E+01 0.46313E+01
 0.13988E-02 0.89719E+00 0.49279E+00 0.50000E+01 0.39820E+01
 0.53641E-01 0.38437E+01 0.48477E+00 0.40140E+01 0.13768E+01
 0.11665E+00 0.32966E+01 0.41423E+00 0.32124E+01 0.27395E+01
 0.30511E-01 0.53768E+00 0.35411E+00 0.18577E+01 0.21222E+01
 0.19880E+00 0.18976E+01 0.45271E+00 0.22024E+01 0.28116E+01
 0.17448E+00 0.12958E+01 0.33487E+00 0.12084E+01 0.24990E+01
 0.99503E-01 0.22649E+01 0.32525E+00 0.36533E+01 0.37335E+01
 0.15653E+00 0.25541E+01 0.26513E+00 0.42144E+01 0.20822E+01
 0.11226E+00 0.19836E+01 0.44790E+00 0.39980E+01 0.35090E+01
 0.12024E+00 0.57675E+00 0.45752E+00 0.21062E+01 0.11042E+01
 0.19003E+00 0.69399E+00 0.19379E+00 0.49679E+01 0.44950E+01
 0.17208E+00 0.12802E+01 0.23868E+00 0.24509E+01 0.39499E+01
 0.11768E-01 0.29058E+01 0.16573E+00 0.42305E+01 0.28758E+01
 0.12184E+00 0.12880E+01 0.24349E+00 0.20261E+01 0.45752E+01
 0.15374E+00 0.33044E+01 0.33407E+00 0.33006E+01 0.30842E+01
 0.13619E+00 0.18429E+01 0.42625E+00 0.18818E+01 0.41663E+01
 0.13300E+00 0.56112E+00 0.49679E+00 0.20661E+01 0.11122E+01
 0.19282E+00 0.10066E+01 0.15210E+00 0.48557E+01 0.19940E+01
 0.13181E+00 0.13114E+01 0.47996E+00 0.30361E+01 0.36613E+01
 0.63212E-01 0.39531E+01 0.31483E+00 0.33567E+01 0.32365E+01
 0.23333E-01 0.11786E+01 0.11683E+00 0.23547E+01 0.31162E+01
 0.12223E+00 0.20930E+01 0.31884E+00 0.21703E+01 0.20100E+01
 0.15733E+00 0.44389E+00 0.34930E+00 0.43747E+01 0.33727E+01
 0.13220E+00 0.19914E+01 0.40140E+00 0.23226E+01 0.14569E+01
 0.10509E+00 0.88156E+00 0.19539E+00 0.23146E+01 0.49599E+01
 0.22934E-01 0.26401E+01 0.38858E+00 0.18257E+01 0.37174E+01
 0.25327E-01 0.99880E+00 0.23467E+00 0.17535E+01 0.17134E+01
 0.18205E+00 0.18273E+01 0.43026E+00 0.36613E+01 0.15691E+01
 0.14417E+00 0.29605E+01 0.41743E+00 0.14810E+01 0.27154E+01
 0.54439E-01 0.30543E+01 0.28517E+00 0.21463E+01 0.46072E+01
 0.48457E-01 0.10379E+01 0.33727E+00 0.35491E+01 0.41022E+01
 0.19801E+00 0.14521E+01 0.39419E+00 0.47515E+01 0.26433E+01
 0.19083E+00 0.21633E+01 0.29078E+00 0.27956E+01 0.49439E+01
 0.14098E+00 0.24994E+01 0.20180E+00 0.39739E+01 0.14248E+01
 0.18564E+00 0.47515E+00 0.30681E+00 0.10000E+01 0.23387E+01
 0.32505E-01 0.95190E+00 0.46874E+00 0.36934E+01 0.26994E+01
 0.17807E+00 0.45170E+00 0.43908E+00 0.45110E+01 0.30120E+01
 0.49653E-01 0.19601E+01 0.32766E+00 0.39820E+01 0.13928E+01
 0.11306E+00 0.39297E+01 0.14970E+00 0.19218E+01 0.32926E+01
 0.12064E+00 0.32028E+01 0.22104E+00 0.26914E+01 0.22585E+01
 0.45267E-01 0.56894E+00 0.11122E+00 0.24349E+01 0.46553E+01
 0.19521E+00 0.37186E+01 0.11443E+00 0.29960E+01 0.40621E+01
 0.72385E-01 0.20617E+01 0.24108E+00 0.27234E+01 0.38697E+01
 0.13380E+00 0.52204E+00 0.43186E+00 0.46794E+01 0.25631E+01
 0.84349E-01 0.74088E+00 0.24669E+00 0.49760E+01 0.45912E+01
 0.18325E+00 0.32184E+01 0.21864E+00 0.43908E+01 0.33487E+01
 0.44070E-01 0.49860E+00 0.43106E+00 0.41263E+01 0.37816E+01
 0.40082E-01 0.37733E+01 0.18497E+00 0.44629E+01 0.34609E+01
 0.62016E-01 0.15224E+01 0.45190E+00 0.27796E+01 0.34850E+01
 0.30910E-01 0.37343E+01 0.21623E+00 0.47435E+01 0.49198E+01
 0.18764E+00 0.35545E+01 0.14649E+00 0.38377E+01 0.18737E+01
 0.15494E+00 0.24369E+01 0.20261E+00 0.15291E+01 0.41984E+01
 0.18547E-01 0.14912E+01 0.34770E+00 0.19379E+01 0.24509E+01
 0.42475E-01 0.26244E+01 0.15772E+00 0.11042E+01 0.30200E+01
 0.93920E-01 0.14287E+01 0.30762E+00 0.33727E+01 0.22024E+01
 0.17129E+00 0.35623E+01 0.31804E+00 0.36693E+01 0.40862E+01
 0.87140E-01 0.13271E+01 0.13928E+00 0.35972E+01 0.10561E+01
 0.87539E-01 0.20070E+01 0.38778E+00 0.46713E+01 0.17695E+01
 0.11745E+00 0.29996E+01 0.10000E+00 0.42705E+01 0.47595E+01
 0.19721E+00 0.20383E+01 0.29319E+00 0.20902E+01 0.25952E+01
 0.17567E+00 0.39453E+01 0.17615E+00 0.48397E+01 0.47996E+01
 0.64409E-01 0.12020E+01 0.34609E+00 0.16012E+01 0.49279E+01
 0.91926E-01 0.19054E+01 0.40621E+00 0.28437E+01 0.24028E+01
 0.45892E-02 0.38046E+01 0.12325E+00 0.34609E+01 0.13046E+01
 0.79563E-01 0.30934E+01 0.49840E+00 0.34369E+01 0.38938E+01
 0.14018E+00 0.36092E+01 0.40942E+00 0.14248E+01 0.31002E+01
 0.46463E-01 0.24212E+01 0.26112E+00 0.11523E+01 0.26032E+01
 0.21964E-02 0.11563E+00 0.43267E+00 0.36212E+01 0.12325E+01
 0.14935E+00 0.25697E+01 0.36693E+00 0.49920E+01 0.33166E+01
 0.83152E-01 0.13427E+01 0.47034E+00 0.11764E+01 0.19058E+01
 0.13363E-01 0.33279E+01 0.36774E+00 0.23948E+01 0.15852E+01
 0.16172E+00 0.38136E+00 0.22986E+00 0.15611E+01 0.40782E+01
 0.67998E-01 0.33122E+01 0.20421E+00 0.33888E+01 0.32525E+01
 0.54838E-01 0.21242E+01 0.49519E+00 0.18978E+01 0.14008E+01
 0.12263E+00 0.15850E+01 0.43747E+00 0.11443E+01 0.26754E+01
 0.12144E+00 0.91283E+00 0.20741E+00 0.14890E+01 0.42385E+01
 0.16730E+00 0.30387E+01 0.26192E+00 0.22906E+01 0.14729E+01
 0.14616E+00 0.75651E+00 0.45671E+00 0.38297E+01 0.18978E+01
 0.37291E-01 0.31168E+01 0.21383E+00 0.14649E+01 0.16253E+01
 0.18963E+00 0.37355E+00 0.44068E+00 0.31483E+01 0.32204E+01
 0.13779E+00 0.22505E+00 0.41343E+00 0.30521E+01 0.45591E+01
 0.12941E+00 0.60802E+00 0.14248E+00 0.42064E+01 0.20020E+01
 0.17368E+00 0.32106E+01 0.49198E+00 0.25471E+01 0.18417E+01
 0.18166E+00 0.31559E+01 0.15691E+00 0.45431E+01 0.34208E+01
 0.56034E-01 0.11864E+01 0.20982E+00 0.21623E+01 0.39659E+01
 0.64808E-01 0.30621E+01 0.23788E+00 0.24669E+01 0.41583E+01
 0.86343E-01 0.33826E+01 0.43507E+00 0.46633E+01 0.25391E+01
 0.16650E+00 0.11551E+01 0.41663E+00 0.14168E+01 0.39339E+01
 0.10190E+00 0.21868E+01 0.27074E+00 0.12164E+01 0.37575E+01
 0.37689E-01 0.25463E+01 0.38617E+00 0.14569E+01 0.24429E+01
 0.44868E-01 0.37890E+01 0.36934E+00 0.48958E+01 0.29078E+01
 0.15294E+00 0.16553E+01 0.41583E+00 0.28357E+01 0.14810E+01
 0.15135E+00 0.22806E+01 0.46553E+00 0.14409E+01 0.11683E+01
 0.26124E-01 0.19379E+00 0.36613E+00 0.10721E+01 0.41263E+01
 0.11865E+00 0.16788E+01 0.44469E+00 0.12806E+01 0.15291E+01
 0.18148E-01 0.94409E+00 0.40541E+00 0.26032E+01 0.45431E+01
